sudo: backend.rb: command not found
sudo: backend.rb: command not found
sudo: backend.rb: command not found
sudo: backend.rb: command not found
sudo: backend.rb: command not found
[2017-11-09 00:25:39] INFO  WEBrick 1.3.1
[2017-11-09 00:25:39] INFO  ruby 2.3.1 (2016-04-26) [x86_64-linux-gnu]
== Someone is already performing on port 8080!
/usr/lib/ruby/2.3.0/socket.rb:205:in `bind': Address already in use - bind(2) for 0.0.0.0:8080 (Errno::EADDRINUSE)
	from /usr/lib/ruby/2.3.0/socket.rb:205:in `listen'
	from /usr/lib/ruby/2.3.0/socket.rb:759:in `block in tcp_server_sockets'
	from /usr/lib/ruby/2.3.0/socket.rb:231:in `each'
	from /usr/lib/ruby/2.3.0/socket.rb:231:in `foreach'
	from /usr/lib/ruby/2.3.0/socket.rb:757:in `tcp_server_sockets'
	from /usr/lib/ruby/2.3.0/webrick/utils.rb:65:in `create_listeners'
	from /usr/lib/ruby/2.3.0/webrick/server.rb:134:in `listen'
	from /usr/lib/ruby/2.3.0/webrick/server.rb:115:in `initialize'
	from /usr/lib/ruby/2.3.0/webrick/httpserver.rb:47:in `initialize'
	from /var/lib/gems/2.3.0/gems/rack-2.0.3/lib/rack/handler/webrick.rb:31:in `new'
	from /var/lib/gems/2.3.0/gems/rack-2.0.3/lib/rack/handler/webrick.rb:31:in `run'
	from /var/lib/gems/2.3.0/gems/sinatra-2.0.0/lib/sinatra/base.rb:1522:in `start_server'
	from /var/lib/gems/2.3.0/gems/sinatra-2.0.0/lib/sinatra/base.rb:1456:in `run!'
	from /var/lib/gems/2.3.0/gems/sinatra-2.0.0/lib/sinatra/main.rb:26:in `block in <module:Sinatra>'
sudo: backend.rb: command not found
sudo: backend.rb: command not found
sudo: backend.rb: command not found
sudo: backend.rb: command not found
sudo: backend.rb: command not found
